<?xml version="1.0" encoding="UTF-8"?>
<!-- Generated by org.testng.reporters.JUnitXMLReporter -->
<testsuite hostname="DESKTOP-D6BEUQT" ignored="4" name="Test_firefox(failed)(failed)" tests="2" failures="0" timestamp="2022-07-11T01:33:47 IST" time="76.0" errors="0">
  <testcase name="doit" time="23.119" classname="com.crm.comcast.contactTest.CreateContactTest"/>
  <testcase name="deletit" time="21.887" classname="com.crm.comcast.contactTest.DeletContactTest"/>
  <testcase name="@BeforeTest executiontype" time="0.0" classname="com.crm.comcast.GenericUtilities.Baseclass">
    <ignored/>
  </testcase> <!-- @BeforeTest executiontype -->
  <testcase name="@BeforeSuite databaseconnection" time="0.0" classname="com.crm.comcast.GenericUtilities.Baseclass">
    <ignored/>
  </testcase> <!-- @BeforeSuite databaseconnection -->
  <testcase name="@AfterTest executioncompleted" time="0.0" classname="com.crm.comcast.GenericUtilities.Baseclass">
    <ignored/>
  </testcase> <!-- @AfterTest executioncompleted -->
  <testcase name="@AfterSuite closedatabase" time="0.0" classname="com.crm.comcast.GenericUtilities.Baseclass">
    <ignored/>
  </testcase> <!-- @AfterSuite closedatabase -->
</testsuite> <!-- Test_firefox(failed)(failed) -->
