<?xml version="1.0" encoding="UTF-8"?>
<!-- Generated by org.testng.reporters.JUnitXMLReporter -->
<testsuite ignored="0" hostname="DESKTOP-D6BEUQT" failures="1" tests="1" name="Test" time="40.548" errors="0" timestamp="2022-06-14T17:17:57 IST">
  <testcase classname="com.crm.comcast.contactTest.CreateContactTest" name="doit" time="25.943">
    <failure type="java.lang.AssertionError" message="expected [false] but found [true]">
      <![CDATA[java.lang.AssertionError: expected [false] but found [true]
at com.crm.comcast.contactTest.CreateContactTest.doit(CreateContactTest.java:32)
at java.base/java.util.ArrayList.forEach(ArrayList.java:1511)
... Removed 33 stack frames]]>
    </failure>
  </testcase> <!-- doit -->
</testsuite> <!-- Test -->
