<?xml version="1.0" encoding="UTF-8"?>
<testng-results skipped="0" failed="0" ignored="0" total="1" passed="1">
  <reporter-output>
  </reporter-output>
  <suite name="Default suite" duration-ms="21049" started-at="2022-06-20T23:19:12 IST" finished-at="2022-06-20T23:19:33 IST">
    <groups>
      <group name="smoke">
        <method signature="CreateCampaignTest.createcamp()[pri:0, instance:com.crm.comcast.campaignTest.CreateCampaignTest@76a3e297]" name="createcamp" class="com.crm.comcast.campaignTest.CreateCampaignTest"/>
      </group> <!-- smoke -->
    </groups>
    <test name="Default test" duration-ms="21049" started-at="2022-06-20T23:19:12 IST" finished-at="2022-06-20T23:19:33 IST">
      <class name="com.crm.comcast.campaignTest.CreateCampaignTest">
        <test-method status="PASS" signature="databaseconnection()[pri:0, instance:com.crm.comcast.campaignTest.CreateCampaignTest@76a3e297]" name="databaseconnection" is-config="true" duration-ms="8" started-at="2022-06-20T23:19:12 IST" finished-at="2022-06-20T23:19:12 IST">
          <reporter-output>
          </reporter-output>
        </test-method> <!-- databaseconnection -->
        <test-method status="PASS" signature="executiontype()[pri:0, instance:com.crm.comcast.campaignTest.CreateCampaignTest@76a3e297]" name="executiontype" is-config="true" duration-ms="1" started-at="2022-06-20T23:19:12 IST" finished-at="2022-06-20T23:19:12 IST">
          <reporter-output>
          </reporter-output>
        </test-method> <!-- executiontype -->
        <test-method status="PASS" signature="getbrowser()[pri:0, instance:com.crm.comcast.campaignTest.CreateCampaignTest@76a3e297]" name="getbrowser" is-config="true" duration-ms="2888" started-at="2022-06-20T23:19:12 IST" finished-at="2022-06-20T23:19:15 IST">
          <reporter-output>
          </reporter-output>
        </test-method> <!-- getbrowser -->
        <test-method status="PASS" signature="applicationlogin()[pri:0, instance:com.crm.comcast.campaignTest.CreateCampaignTest@76a3e297]" name="applicationlogin" is-config="true" duration-ms="5905" started-at="2022-06-20T23:19:15 IST" finished-at="2022-06-20T23:19:21 IST">
          <reporter-output>
          </reporter-output>
        </test-method> <!-- applicationlogin -->
        <test-method status="PASS" signature="createcamp()[pri:0, instance:com.crm.comcast.campaignTest.CreateCampaignTest@76a3e297]" name="createcamp" duration-ms="9943" started-at="2022-06-20T23:19:21 IST" finished-at="2022-06-20T23:19:31 IST">
          <reporter-output>
          </reporter-output>
        </test-method> <!-- createcamp -->
        <test-method status="PASS" signature="logoutapplication()[pri:0, instance:com.crm.comcast.campaignTest.CreateCampaignTest@76a3e297]" name="logoutapplication" is-config="true" duration-ms="1520" started-at="2022-06-20T23:19:31 IST" finished-at="2022-06-20T23:19:32 IST">
          <reporter-output>
          </reporter-output>
        </test-method> <!-- logoutapplication -->
        <test-method status="PASS" signature="closebrowser()[pri:0, instance:com.crm.comcast.campaignTest.CreateCampaignTest@76a3e297]" name="closebrowser" is-config="true" duration-ms="750" started-at="2022-06-20T23:19:32 IST" finished-at="2022-06-20T23:19:33 IST">
          <reporter-output>
          </reporter-output>
        </test-method> <!-- closebrowser -->
        <test-method status="PASS" signature="executioncompleted()[pri:0, instance:com.crm.comcast.campaignTest.CreateCampaignTest@76a3e297]" name="executioncompleted" is-config="true" duration-ms="1" started-at="2022-06-20T23:19:33 IST" finished-at="2022-06-20T23:19:33 IST">
          <reporter-output>
          </reporter-output>
        </test-method> <!-- executioncompleted -->
        <test-method status="PASS" signature="closedatabase()[pri:0, instance:com.crm.comcast.campaignTest.CreateCampaignTest@76a3e297]" name="closedatabase" is-config="true" duration-ms="1" started-at="2022-06-20T23:19:33 IST" finished-at="2022-06-20T23:19:33 IST">
          <reporter-output>
          </reporter-output>
        </test-method> <!-- closedatabase -->
      </class> <!-- com.crm.comcast.campaignTest.CreateCampaignTest -->
    </test> <!-- Default test -->
  </suite> <!-- Default suite -->
</testng-results>
