<?xml version="1.0" encoding="UTF-8"?>
<!-- Generated by org.testng.reporters.JUnitXMLReporter -->
<testsuite hostname="DESKTOP-D6BEUQT" ignored="8" name="Test" tests="3" failures="0" timestamp="2022-07-11T00:24:23 IST" time="147.486" errors="0">
  <testcase name="savu" time="11.996" classname="com.crm.comcast.contactTest.CreateContactNoMandate"/>
  <testcase name="deletit" time="24.202" classname="com.crm.comcast.contactTest.DeletContactTest"/>
  <testcase name="doit" time="19.211" classname="com.crm.comcast.contactTest.CreateContactTest"/>
  <testcase name="@BeforeTest executiontype" time="0.0" classname="com.crm.comcast.GenericUtilities.Baseclass">
    <ignored/>
  </testcase> <!-- @BeforeTest executiontype -->
  <testcase name="@BeforeTest executiontype" time="0.0" classname="com.crm.comcast.GenericUtilities.Baseclass">
    <ignored/>
  </testcase> <!-- @BeforeTest executiontype -->
  <testcase name="@BeforeSuite databaseconnection" time="0.0" classname="com.crm.comcast.GenericUtilities.Baseclass">
    <ignored/>
  </testcase> <!-- @BeforeSuite databaseconnection -->
  <testcase name="@BeforeSuite databaseconnection" time="0.0" classname="com.crm.comcast.GenericUtilities.Baseclass">
    <ignored/>
  </testcase> <!-- @BeforeSuite databaseconnection -->
  <testcase name="@AfterTest executioncompleted" time="0.0" classname="com.crm.comcast.GenericUtilities.Baseclass">
    <ignored/>
  </testcase> <!-- @AfterTest executioncompleted -->
  <testcase name="@AfterTest executioncompleted" time="0.0" classname="com.crm.comcast.GenericUtilities.Baseclass">
    <ignored/>
  </testcase> <!-- @AfterTest executioncompleted -->
  <testcase name="@AfterSuite closedatabase" time="0.0" classname="com.crm.comcast.GenericUtilities.Baseclass">
    <ignored/>
  </testcase> <!-- @AfterSuite closedatabase -->
  <testcase name="@AfterSuite closedatabase" time="0.0" classname="com.crm.comcast.GenericUtilities.Baseclass">
    <ignored/>
  </testcase> <!-- @AfterSuite closedatabase -->
</testsuite> <!-- Test -->
